<?xml version="1.0" encoding="UTF-8"?>
<!-- Generated by org.testng.reporters.JUnitReportReporter -->
<testsuite hostname="DESKTOP-5VI0HAR" failures="0" tests="1" name="com.curahealthcare.testCases.TC_MakeAppoinmentPage_003" time="6.162" errors="0" timestamp="2024-05-24T22:12:30 CDT" skipped="0">
  <testcase classname="com.curahealthcare.testCases.TC_MakeAppoinmentPage_003" name="makeAppoinment" time="6.162"/>
</testsuite> <!-- com.curahealthcare.testCases.TC_MakeAppoinmentPage_003 -->
