<?xml version="1.0" encoding="UTF-8"?>
<!-- Generated by org.testng.reporters.JUnitReportReporter -->
<testsuite hostname="DESKTOP-5VI0HAR" failures="0" tests="1" name="com.curahealthcare.testCases.TC_LoginPage_002" time="2.816" errors="0" timestamp="2024-05-19T23:39:13 CDT" skipped="0">
  <testcase classname="com.curahealthcare.testCases.TC_LoginPage_002" name="loginTest" time="2.816"/>
</testsuite> <!-- com.curahealthcare.testCases.TC_LoginPage_002 -->
