<?xml version="1.0" encoding="UTF-8"?>
<!-- Generated by org.testng.reporters.JUnitReportReporter -->
<testsuite hostname="DESKTOP-5VI0HAR" failures="0" tests="1" name="com.curahealthcare.testCases.TC_MakeAppoinmentPage_003" time="2.533" errors="0" timestamp="2024-06-01T00:18:31 CDT" skipped="0">
  <testcase classname="com.curahealthcare.testCases.TC_MakeAppoinmentPage_003" name="makeAppoinment" time="2.533"/>
</testsuite> <!-- com.curahealthcare.testCases.TC_MakeAppoinmentPage_003 -->
