<?xml version="1.0" encoding="UTF-8"?>
<!-- Generated by org.testng.reporters.JUnitReportReporter -->
<testsuite hostname="DESKTOP-5VI0HAR" failures="0" tests="1" name="pageobject.BookAppointment" time="9.825" errors="0" timestamp="2024-05-04T14:40:52 CDT" skipped="0">
  <testcase classname="pageobject.BookAppointment" name="bookSetUp" time="9.825"/>
</testsuite> <!-- pageobject.BookAppointment -->
