<?xml version="1.0" encoding="UTF-8"?>
<!-- Generated by org.testng.reporters.JUnitReportReporter -->
<testsuite hostname="DESKTOP-5VI0HAR" failures="0" tests="1" name="com.curahealthcare.testCases.TC_HomePage_001" time="1.878" errors="0" timestamp="2024-05-05T23:46:30 CDT" skipped="0">
  <testcase classname="com.curahealthcare.testCases.TC_HomePage_001" name="homePageTest" time="1.878"/>
</testsuite> <!-- com.curahealthcare.testCases.TC_HomePage_001 -->
